Using pre-set license
Built from '2022.3/staging' branch; Version is '2022.3.16f1 (d2c21f0ef2f1) revision 13812255'; Using compiler version '192829333'; Build Type 'Release'
OS: 'Windows 11  (10.0.22621) 64bit Core' Language: 'en' Physical Memory: 16166 MB
BatchMode: 1, IsHumanControllingUs: 0, StartBugReporterOnCrash: 0, Is64bit: 1, IsPro: 1

COMMAND LINE ARGUMENTS:
C:\Program Files\Unity\Hub\Editor\2022.3.16f1\Editor\Unity.exe
-adb2
-batchMode
-noUpm
-name
AssetImportWorker4
-projectPath
C:/Users/Kevin/Desktop/Gamedev Club/Group Project/Gamedev-Club-Party-Game/GameDev TopDown Platformer
-logFile
Logs/AssetImportWorker4.log
-srvPort
10926
Successfully changed project path to: C:/Users/Kevin/Desktop/Gamedev Club/Group Project/Gamedev-Club-Party-Game/GameDev TopDown Platformer
C:/Users/Kevin/Desktop/Gamedev Club/Group Project/Gamedev-Club-Party-Game/GameDev TopDown Platformer
[UnityMemory] Configuration Parameters - Can be set up in boot.config
    "memorysetup-bucket-allocator-granularity=16"
    "memorysetup-bucket-allocator-bucket-count=8"
    "memorysetup-bucket-allocator-block-size=33554432"
    "memorysetup-bucket-allocator-block-count=8"
    "memorysetup-main-allocator-block-size=16777216"
    "memorysetup-thread-allocator-block-size=16777216"
    "memorysetup-gfx-main-allocator-block-size=16777216"
    "memorysetup-gfx-thread-allocator-block-size=16777216"
    "memorysetup-cache-allocator-block-size=4194304"
    "memorysetup-typetree-allocator-block-size=2097152"
    "memorysetup-profiler-bucket-allocator-granularity=16"
    "memorysetup-profiler-bucket-allocator-bucket-count=8"
    "memorysetup-profiler-bucket-allocator-block-size=33554432"
    "memorysetup-profiler-bucket-allocator-block-count=8"
    "memorysetup-profiler-allocator-block-size=16777216"
    "memorysetup-profiler-editor-allocator-block-size=1048576"
    "memorysetup-temp-allocator-size-main=16777216"
    "memorysetup-job-temp-allocator-block-size=2097152"
    "memorysetup-job-temp-allocator-block-size-background=1048576"
    "memorysetup-job-temp-allocator-reduction-small-platforms=262144"
    "memorysetup-allocator-temp-initial-block-size-main=262144"
    "memorysetup-allocator-temp-initial-block-size-worker=262144"
    "memorysetup-temp-allocator-size-background-worker=32768"
    "memorysetup-temp-allocator-size-job-worker=262144"
    "memorysetup-temp-allocator-size-preload-manager=33554432"
    "memorysetup-temp-allocator-size-nav-mesh-worker=65536"
    "memorysetup-temp-allocator-size-audio-worker=65536"
    "memorysetup-temp-allocator-size-cloud-worker=32768"
    "memorysetup-temp-allocator-size-gi-baking-worker=262144"
    "memorysetup-temp-allocator-size-gfx=262144"
Player connection [26476] Host "[IP] 192.168.211.1 [Port] 0 [Flags] 2 [Guid] 726309665 [EditorId] 726309665 [Version] 1048832 [Id] WindowsEditor(7,DESKTOP-JUPBHJ2) [Debug] 1 [PackageName] WindowsEditor [ProjectName] Editor" joined multi-casting on [225.0.0.222:54997]...

Player connection [26476] Host "[IP] 192.168.211.1 [Port] 0 [Flags] 2 [Guid] 726309665 [EditorId] 726309665 [Version] 1048832 [Id] WindowsEditor(7,DESKTOP-JUPBHJ2) [Debug] 1 [PackageName] WindowsEditor [ProjectName] Editor" joined alternative multi-casting on [225.0.0.222:34997]...

[Physics::Module] Initialized MultithreadedJobDispatcher with 11 workers.
Refreshing native plugins compatible for Editor in 11.39 ms, found 3 plugins.
Preloading 0 native plugins for Editor in 0.00 ms.
Initialize engine version: 2022.3.16f1 (d2c21f0ef2f1)
[Subsystems] Discovering subsystems at path C:/Program Files/Unity/Hub/Editor/2022.3.16f1/Editor/Data/Resources/UnitySubsystems
[Subsystems] Discovering subsystems at path C:/Users/Kevin/Desktop/Gamedev Club/Group Project/Gamedev-Club-Party-Game/GameDev TopDown Platformer/Assets
GfxDevice: creating device client; threaded=0; jobified=0
Direct3D:
    Version:  Direct3D 11.0 [level 11.1]
    Renderer: NVIDIA GeForce RTX 2060 (ID=0x1f15)
    Vendor:   NVIDIA
    VRAM:     5980 MB
    Driver:   30.0.15.1278
Initialize mono
Mono path[0] = 'C:/Program Files/Unity/Hub/Editor/2022.3.16f1/Editor/Data/Managed'
Mono path[1] = 'C:/Program Files/Unity/Hub/Editor/2022.3.16f1/Editor/Data/MonoBleedingEdge/lib/mono/unityjit-win32'
Mono config path = 'C:/Program Files/Unity/Hub/Editor/2022.3.16f1/Editor/Data/MonoBleedingEdge/etc'
Using monoOptions --debugger-agent=transport=dt_socket,embedding=1,server=y,suspend=n,address=127.0.0.1:56152
Begin MonoManager ReloadAssembly
Registering precompiled unity dll's ...
Register platform support module: C:/Program Files/Unity/Hub/Editor/2022.3.16f1/Editor/Data/PlaybackEngines/WindowsStandaloneSupport/UnityEditor.WindowsStandalone.Extensions.dll
Registered in 0.006271 seconds.
- Loaded All Assemblies, in  0.471 seconds
Native extension for WindowsStandalone target not found
Mono: successfully reloaded assembly
- Finished resetting the current domain, in  0.318 seconds
Domain Reload Profiling: 788ms
	BeginReloadAssembly (142ms)
		ExecutionOrderSort (0ms)
		DisableScriptedObjects (0ms)
		BackupInstance (0ms)
		ReleaseScriptingObjects (0ms)
		CreateAndSetChildDomain (1ms)
	RebuildCommonClasses (47ms)
	RebuildNativeTypeToScriptingClass (14ms)
	initialDomainReloadingComplete (71ms)
	LoadAllAssembliesAndSetupDomain (195ms)
		LoadAssemblies (139ms)
		RebuildTransferFunctionScriptingTraits (0ms)
		AnalyzeDomain (194ms)
			TypeCache.Refresh (192ms)
				TypeCache.ScanAssembly (176ms)
			ScanForSourceGeneratedMonoScriptInfo (0ms)
			ResolveRequiredComponents (1ms)
	FinalizeReload (319ms)
		ReleaseScriptCaches (0ms)
		RebuildScriptCaches (0ms)
		SetupLoadedEditorAssemblies (246ms)
			LogAssemblyErrors (0ms)
			InitializePlatformSupportModulesInManaged (10ms)
			SetLoadedEditorAssemblies (8ms)
			RefreshPlugins (0ms)
			BeforeProcessingInitializeOnLoad (3ms)
			ProcessInitializeOnLoadAttributes (172ms)
			ProcessInitializeOnLoadMethodAttributes (53ms)
			AfterProcessingInitializeOnLoad (0ms)
			EditorAssembliesLoaded (0ms)
		ExecutionOrderSort2 (0ms)
		AwakeInstancesAfterBackupRestoration (0ms)
========================================================================
Worker process is ready to serve import requests
Begin MonoManager ReloadAssembly
- Loaded All Assemblies, in  0.769 seconds
Refreshing native plugins compatible for Editor in 4.30 ms, found 3 plugins.
Native extension for WindowsStandalone target not found
Package Manager log level set to [2]
[Package Manager] Server::EnsureServerProcessIsRunning -- launch failed, reason: Unity was launched with the -noUpm command-line argument
[Package Manager] UpmClient::Send -- Unable to send message (not connected to UPM process).
[Package Manager] Cannot connect to Unity Package Manager local server
Mono: successfully reloaded assembly
- Finished resetting the current domain, in  0.763 seconds
Domain Reload Profiling: 1529ms
	BeginReloadAssembly (169ms)
		ExecutionOrderSort (0ms)
		DisableScriptedObjects (7ms)
		BackupInstance (0ms)
		ReleaseScriptingObjects (0ms)
		CreateAndSetChildDomain (23ms)
	RebuildCommonClasses (41ms)
	RebuildNativeTypeToScriptingClass (14ms)
	initialDomainReloadingComplete (48ms)
	LoadAllAssembliesAndSetupDomain (493ms)
		LoadAssemblies (356ms)
		RebuildTransferFunctionScriptingTraits (0ms)
		AnalyzeDomain (234ms)
			TypeCache.Refresh (196ms)
				TypeCache.ScanAssembly (178ms)
			ScanForSourceGeneratedMonoScriptInfo (25ms)
			ResolveRequiredComponents (11ms)
	FinalizeReload (763ms)
		ReleaseScriptCaches (0ms)
		RebuildScriptCaches (0ms)
		SetupLoadedEditorAssemblies (580ms)
			LogAssemblyErrors (0ms)
			InitializePlatformSupportModulesInManaged (6ms)
			SetLoadedEditorAssemblies (4ms)
			RefreshPlugins (0ms)
			BeforeProcessingInitializeOnLoad (81ms)
			ProcessInitializeOnLoadAttributes (403ms)
			ProcessInitializeOnLoadMethodAttributes (79ms)
			AfterProcessingInitializeOnLoad (7ms)
			EditorAssembliesLoaded (0ms)
		ExecutionOrderSort2 (0ms)
		AwakeInstancesAfterBackupRestoration (7ms)
Launched and connected shader compiler UnityShaderCompiler.exe after 0.06 seconds
Refreshing native plugins compatible for Editor in 4.78 ms, found 3 plugins.
Preloading 0 native plugins for Editor in 0.00 ms.
Unloading 4922 Unused Serialized files (Serialized files now loaded: 0)
Unloading 75 unused Assets / (0.8 MB). Loaded Objects now: 5370.
Memory consumption went from 201.9 MB to 201.2 MB.
Total: 4.603700 ms (FindLiveObjects: 0.429400 ms CreateObjectMapping: 0.467300 ms MarkObjects: 3.307000 ms  DeleteObjects: 0.398900 ms)

AssetImportParameters requested are different than current active one (requested -> active):
  custom:container-demuxer-ogg: 62fdf1f143b41e24485cea50d1cbac27 -> 
  custom:video-codec-MediaFoundation-h265: 746d11721c4dcdbdad8f713fa42b33f4 -> 
  custom:video-decoder-ogg-theora: a1e56fd34408186e4bbccfd4996cb3dc -> 
  custom:framework-win-MediaFoundation: 216162199b28c13a410421893ffa2e32 -> 
  custom:CustomObjectIndexerAttribute: 4d1d7186bcbbfe361de5f0ad951e585c -> 
  custom:container-demuxer-webm: 4f35f7cbe854078d1ac9338744f61a02 -> 
  custom:container-muxer-webm: aa71ff27fc2769a1b78a27578f13a17b -> 
  custom:video-decoder-webm-vp8: 9c59270c3fd7afecdb556c50c9e8de78 -> 
  custom:SearchIndexIgnoredProperties: e643bd26f0fe6173181afceb89e7c659 -> 
  custom:AudioImporter_EditorPlatform: d09bf68614088b80899f8185d706f6e7 -> 
  custom:video-encoder-webm-vp8: eb34c28f22e8b96e1ab97ce403110664 -> 
  custom:audio-decoder-ogg-vorbis: bf7c407c2cedff20999df2af8eb42d56 -> 
  custom:audio-encoder-webm-vorbis: bf7c407c2cedff20999df2af8eb42d56 -> 
========================================================================
Received Import Request.
  Time since last request: 63749.003438 seconds.
  path: Assets/Blender/tiles.blend
  artifactKey: Guid(10d7ef0a7d78a6e4f8c04ccfc2f7202f) Importer(815301076,1909f56bfc062723c751e8b465ee728b)
Start importing Assets/Blender/tiles.blend using Guid(10d7ef0a7d78a6e4f8c04ccfc2f7202f) Importer(815301076,1909f56bfc062723c751e8b465ee728b)  -> (artifact id: '22c5dd457121e439a304f69692ee209c') in 0.540009 seconds
Number of updated asset objects reloaded before import = 0
Number of asset objects unloaded after import = 61
========================================================================
Received Import Request.
  Time since last request: 12.855706 seconds.
  path: Assets/Blender/barrel_fracture.blend
  artifactKey: Guid(357de06c9d14ba24ea2287db630b6662) Importer(815301076,1909f56bfc062723c751e8b465ee728b)
Start importing Assets/Blender/barrel_fracture.blend using Guid(357de06c9d14ba24ea2287db630b6662) Importer(815301076,1909f56bfc062723c751e8b465ee728b)  -> (artifact id: 'd46a62c24204a5f84e2e331ed6de022a') in 0.212992 seconds
Number of updated asset objects reloaded before import = 0
Number of asset objects unloaded after import = 88
========================================================================
Received Import Request.
  Time since last request: 0.234380 seconds.
  path: Assets/Blender/barrel.blend1
  artifactKey: Guid(70551ba8addb743448f9c319a15ca2c4) Importer(815301076,1909f56bfc062723c751e8b465ee728b)
Start importing Assets/Blender/barrel.blend1 using Guid(70551ba8addb743448f9c319a15ca2c4) Importer(815301076,1909f56bfc062723c751e8b465ee728b)  -> (artifact id: 'a11241b74bb869478a4cadb4c206417b') in 0.001177 seconds
Number of updated asset objects reloaded before import = 0
Number of asset objects unloaded after import = 1
========================================================================
Received Import Request.
  Time since last request: 9.394698 seconds.
  path: Assets/Blender/barrel_fracture.blend
  artifactKey: Guid(357de06c9d14ba24ea2287db630b6662) Importer(815301076,1909f56bfc062723c751e8b465ee728b)
Start importing Assets/Blender/barrel_fracture.blend using Guid(357de06c9d14ba24ea2287db630b6662) Importer(815301076,1909f56bfc062723c751e8b465ee728b)  -> (artifact id: 'd46a62c24204a5f84e2e331ed6de022a') in 0.225712 seconds
Number of updated asset objects reloaded before import = 0
Number of asset objects unloaded after import = 88
========================================================================
Received Import Request.
  Time since last request: 12.478701 seconds.
  path: Assets/Blender/player.blend1
  artifactKey: Guid(4e26ee3f00f08164bba4f8ec973bda67) Importer(815301076,1909f56bfc062723c751e8b465ee728b)
Start importing Assets/Blender/player.blend1 using Guid(4e26ee3f00f08164bba4f8ec973bda67) Importer(815301076,1909f56bfc062723c751e8b465ee728b)  -> (artifact id: '115b2ff5ddef0155953d25f98232280d') in 0.002523 seconds
Number of updated asset objects reloaded before import = 0
Number of asset objects unloaded after import = 1
========================================================================
Received Import Request.
  Time since last request: 2.848327 seconds.
  path: Assets/Blender/tiles.blend
  artifactKey: Guid(10d7ef0a7d78a6e4f8c04ccfc2f7202f) Importer(815301076,1909f56bfc062723c751e8b465ee728b)
Start importing Assets/Blender/tiles.blend using Guid(10d7ef0a7d78a6e4f8c04ccfc2f7202f) Importer(815301076,1909f56bfc062723c751e8b465ee728b)  -> (artifact id: '7ed609b01e9b681030922737c0c0c4f8') in 0.202800 seconds
Number of updated asset objects reloaded before import = 0
Number of asset objects unloaded after import = 60
========================================================================
Received Import Request.
  Time since last request: 33.619889 seconds.
  path: Assets/Blender/tiles.blend
  artifactKey: Guid(10d7ef0a7d78a6e4f8c04ccfc2f7202f) Importer(815301076,1909f56bfc062723c751e8b465ee728b)
Start importing Assets/Blender/tiles.blend using Guid(10d7ef0a7d78a6e4f8c04ccfc2f7202f) Importer(815301076,1909f56bfc062723c751e8b465ee728b)  -> (artifact id: '8cc962532f0d9a229995223f32f0662d') in 0.146156 seconds
Number of updated asset objects reloaded before import = 0
Number of asset objects unloaded after import = 60
========================================================================
Received Import Request.
  Time since last request: 0.802927 seconds.
  path: Assets/Blender/tiles.blend
  artifactKey: Guid(10d7ef0a7d78a6e4f8c04ccfc2f7202f) Importer(2089858483,0ecaa5967403d082aa24f35e1b516d23)
Start importing Assets/Blender/tiles.blend using Guid(10d7ef0a7d78a6e4f8c04ccfc2f7202f) Importer(2089858483,0ecaa5967403d082aa24f35e1b516d23) Generated GUIDs only implemented for interfaces!
 -> (artifact id: '283c63255c2ee93f03ac716a892718ea') in 0.221964 seconds
Number of updated asset objects reloaded before import = 0
Number of asset objects unloaded after import = 59
========================================================================
Received Import Request.
  Time since last request: 55.568614 seconds.
  path: Assets/Scenes/SampleScene.unity
  artifactKey: Guid(99c9720ab356a0642a771bea13969a05) Importer(2089858483,0ecaa5967403d082aa24f35e1b516d23)
Start importing Assets/Scenes/SampleScene.unity using Guid(99c9720ab356a0642a771bea13969a05) Importer(2089858483,0ecaa5967403d082aa24f35e1b516d23) Generated GUIDs only implemented for interfaces!
 -> (artifact id: '9d78a70e428abe5734b82419c4d18c59') in 0.014719 seconds
Number of updated asset objects reloaded before import = 0
Number of asset objects unloaded after import = 1
========================================================================
Received Import Request.
  Time since last request: 32.003333 seconds.
  path: Assets/Tiles
  artifactKey: Guid(4b00310b53a60334bae0f445abcdc52e) Importer(815301076,1909f56bfc062723c751e8b465ee728b)
Start importing Assets/Tiles using Guid(4b00310b53a60334bae0f445abcdc52e) Importer(815301076,1909f56bfc062723c751e8b465ee728b)  -> (artifact id: 'feae70cb2300548d332f1e4e5ca9223e') in 0.000573 seconds
Number of updated asset objects reloaded before import = 0
Number of asset objects unloaded after import = 0
========================================================================
Received Import Request.
  Time since last request: 0.949373 seconds.
  path: Assets/Tiles
  artifactKey: Guid(4b00310b53a60334bae0f445abcdc52e) Importer(2089858483,0ecaa5967403d082aa24f35e1b516d23)
Start importing Assets/Tiles using Guid(4b00310b53a60334bae0f445abcdc52e) Importer(2089858483,0ecaa5967403d082aa24f35e1b516d23) Generated GUIDs only implemented for interfaces!
 -> (artifact id: '43395aff26c9f0382a9f223ccc90eca9') in 0.021121 seconds
Number of updated asset objects reloaded before import = 0
Number of asset objects unloaded after import = 1
========================================================================
Received Import Request.
  Time since last request: 110.053015 seconds.
  path: Assets/Tiles/Dirt.prefab
  artifactKey: Guid(ba7a6cc02c649f746a4b2fdaadb9cdca) Importer(815301076,1909f56bfc062723c751e8b465ee728b)
Start importing Assets/Tiles/Dirt.prefab using Guid(ba7a6cc02c649f746a4b2fdaadb9cdca) Importer(815301076,1909f56bfc062723c751e8b465ee728b)  -> (artifact id: '129c37d9a06d2b6b01ac9cccd8a88a08') in 0.020817 seconds
Number of updated asset objects reloaded before import = 0
Number of asset objects unloaded after import = 66
========================================================================
Received Import Request.
  Time since last request: 0.005776 seconds.
  path: Assets/Tiles/Dirt Corner.prefab
  artifactKey: Guid(761ad62db7e13dd4eb4e359604e607aa) Importer(815301076,1909f56bfc062723c751e8b465ee728b)
Start importing Assets/Tiles/Dirt Corner.prefab using Guid(761ad62db7e13dd4eb4e359604e607aa) Importer(815301076,1909f56bfc062723c751e8b465ee728b)  -> (artifact id: '5a496109ae48ac842d9f1c0bddffea0b') in 0.024353 seconds
Number of updated asset objects reloaded before import = 0
Number of asset objects unloaded after import = 66
========================================================================
Received Import Request.
  Time since last request: 0.000027 seconds.
  path: Assets/Tiles/Grass Edge.prefab
  artifactKey: Guid(ae1545a082e154a4ca0b00d57ad9bd60) Importer(815301076,1909f56bfc062723c751e8b465ee728b)
Start importing Assets/Tiles/Grass Edge.prefab using Guid(ae1545a082e154a4ca0b00d57ad9bd60) Importer(815301076,1909f56bfc062723c751e8b465ee728b)  -> (artifact id: '410b0d3cacfabf343754e568b091855d') in 0.032171 seconds
Number of updated asset objects reloaded before import = 0
Number of asset objects unloaded after import = 66
========================================================================
Received Import Request.
  Time since last request: 0.000022 seconds.
  path: Assets/Tiles/Grass.prefab
  artifactKey: Guid(eac624a38ec40934483672f60fbe6b7d) Importer(815301076,1909f56bfc062723c751e8b465ee728b)
Start importing Assets/Tiles/Grass.prefab using Guid(eac624a38ec40934483672f60fbe6b7d) Importer(815301076,1909f56bfc062723c751e8b465ee728b)  -> (artifact id: '9c96a719df4a702ce2cf6cb50da1fb1d') in 0.033769 seconds
Number of updated asset objects reloaded before import = 0
Number of asset objects unloaded after import = 66
========================================================================
Received Import Request.
  Time since last request: 0.000022 seconds.
  path: Assets/Tiles/Water.prefab
  artifactKey: Guid(33d4cc7bdb4df7f45bf84da3cc1cb185) Importer(815301076,1909f56bfc062723c751e8b465ee728b)
Start importing Assets/Tiles/Water.prefab using Guid(33d4cc7bdb4df7f45bf84da3cc1cb185) Importer(815301076,1909f56bfc062723c751e8b465ee728b)  -> (artifact id: '4dce3ec9e1c72c75d0c06bdb4403fade') in 0.021177 seconds
Number of updated asset objects reloaded before import = 0
Number of asset objects unloaded after import = 66
========================================================================
Received Import Request.
  Time since last request: 0.762982 seconds.
  path: Assets/Tiles/Dirt Slope.prefab
  artifactKey: Guid(0b358a7b349150c468ff4a5b89b3808d) Importer(2089858483,0ecaa5967403d082aa24f35e1b516d23)
Start importing Assets/Tiles/Dirt Slope.prefab using Guid(0b358a7b349150c468ff4a5b89b3808d) Importer(2089858483,0ecaa5967403d082aa24f35e1b516d23) Generated GUIDs only implemented for interfaces!
 -> (artifact id: 'b2380c9c851768ac9cd7cc66c6928663') in 0.027680 seconds
Number of updated asset objects reloaded before import = 0
Number of asset objects unloaded after import = 8
========================================================================
Received Import Request.
  Time since last request: 0.000021 seconds.
  path: Assets/Tiles/Dirt Corner.prefab
  artifactKey: Guid(761ad62db7e13dd4eb4e359604e607aa) Importer(2089858483,0ecaa5967403d082aa24f35e1b516d23)
Start importing Assets/Tiles/Dirt Corner.prefab using Guid(761ad62db7e13dd4eb4e359604e607aa) Importer(2089858483,0ecaa5967403d082aa24f35e1b516d23) Generated GUIDs only implemented for interfaces!
 -> (artifact id: '99a5246a01f1411f646aebc380db2c11') in 0.016576 seconds
Number of updated asset objects reloaded before import = 0
Number of asset objects unloaded after import = 8
========================================================================
Received Import Request.
  Time since last request: 0.000022 seconds.
  path: Assets/Tiles/Grass Slope.prefab
  artifactKey: Guid(ed36d67bf72afb7418fb5f4ca1c450c5) Importer(2089858483,0ecaa5967403d082aa24f35e1b516d23)
Start importing Assets/Tiles/Grass Slope.prefab using Guid(ed36d67bf72afb7418fb5f4ca1c450c5) Importer(2089858483,0ecaa5967403d082aa24f35e1b516d23) Generated GUIDs only implemented for interfaces!
 -> (artifact id: '4c5627b4c59d8e3ced502d7fa9060106') in 0.018697 seconds
Number of updated asset objects reloaded before import = 0
Number of asset objects unloaded after import = 8
========================================================================
Received Import Request.
  Time since last request: 0.000041 seconds.
  path: Assets/Tiles/Grass Corner.prefab
  artifactKey: Guid(d40641b22c62d0746a2e5849c6a8b9a7) Importer(2089858483,0ecaa5967403d082aa24f35e1b516d23)
Start importing Assets/Tiles/Grass Corner.prefab using Guid(d40641b22c62d0746a2e5849c6a8b9a7) Importer(2089858483,0ecaa5967403d082aa24f35e1b516d23) Generated GUIDs only implemented for interfaces!
 -> (artifact id: '607800b098de5ab42488c680f557af04') in 0.018384 seconds
Number of updated asset objects reloaded before import = 0
Number of asset objects unloaded after import = 8
========================================================================
Received Import Request.
  Time since last request: 0.000034 seconds.
  path: Assets/Tiles/Dirt Edge.prefab
  artifactKey: Guid(ad35a66513287754685c90064527a354) Importer(2089858483,0ecaa5967403d082aa24f35e1b516d23)
Start importing Assets/Tiles/Dirt Edge.prefab using Guid(ad35a66513287754685c90064527a354) Importer(2089858483,0ecaa5967403d082aa24f35e1b516d23) Generated GUIDs only implemented for interfaces!
 -> (artifact id: 'cbf14403768bb2129e2094821386c071') in 0.018892 seconds
Number of updated asset objects reloaded before import = 0
Number of asset objects unloaded after import = 8
========================================================================
Received Prepare
Begin MonoManager ReloadAssembly
- Loaded All Assemblies, in  0.773 seconds
Refreshing native plugins compatible for Editor in 6.18 ms, found 3 plugins.
Native extension for WindowsStandalone target not found
[Package Manager] Server::EnsureServerProcessIsRunning -- launch failed, reason: Unity was launched with the -noUpm command-line argument
[Package Manager] UpmClient::Send -- Unable to send message (not connected to UPM process).
[Package Manager] Cannot connect to Unity Package Manager local server
Mono: successfully reloaded assembly
- Finished resetting the current domain, in  1.727 seconds
Domain Reload Profiling: 2496ms
	BeginReloadAssembly (275ms)
		ExecutionOrderSort (0ms)
		DisableScriptedObjects (19ms)
		BackupInstance (0ms)
		ReleaseScriptingObjects (0ms)
		CreateAndSetChildDomain (86ms)
	RebuildCommonClasses (66ms)
	RebuildNativeTypeToScriptingClass (15ms)
	initialDomainReloadingComplete (37ms)
	LoadAllAssembliesAndSetupDomain (377ms)
		LoadAssemblies (402ms)
		RebuildTransferFunctionScriptingTraits (0ms)
		AnalyzeDomain (94ms)
			TypeCache.Refresh (21ms)
				TypeCache.ScanAssembly (7ms)
			ScanForSourceGeneratedMonoScriptInfo (49ms)
			ResolveRequiredComponents (23ms)
	FinalizeReload (1727ms)
		ReleaseScriptCaches (0ms)
		RebuildScriptCaches (0ms)
		SetupLoadedEditorAssemblies (709ms)
			LogAssemblyErrors (0ms)
			InitializePlatformSupportModulesInManaged (13ms)
			SetLoadedEditorAssemblies (10ms)
			RefreshPlugins (0ms)
			BeforeProcessingInitializeOnLoad (109ms)
			ProcessInitializeOnLoadAttributes (460ms)
			ProcessInitializeOnLoadMethodAttributes (111ms)
			AfterProcessingInitializeOnLoad (7ms)
			EditorAssembliesLoaded (0ms)
		ExecutionOrderSort2 (0ms)
		AwakeInstancesAfterBackupRestoration (23ms)
Refreshing native plugins compatible for Editor in 5.62 ms, found 3 plugins.
Preloading 0 native plugins for Editor in 0.00 ms.
Unloading 4887 Unused Serialized files (Serialized files now loaded: 0)
Unloading 50 unused Assets / (0.7 MB). Loaded Objects now: 5567.
Memory consumption went from 187.7 MB to 187.0 MB.
Total: 4.106600 ms (FindLiveObjects: 0.437100 ms CreateObjectMapping: 0.472800 ms MarkObjects: 2.846200 ms  DeleteObjects: 0.349400 ms)

Prepare: number of updated asset objects reloaded= 0
AssetImportParameters requested are different than current active one (requested -> active):
  custom:container-demuxer-ogg: 62fdf1f143b41e24485cea50d1cbac27 -> 
  custom:video-codec-MediaFoundation-h265: 746d11721c4dcdbdad8f713fa42b33f4 -> 
  custom:video-decoder-ogg-theora: a1e56fd34408186e4bbccfd4996cb3dc -> 
  custom:framework-win-MediaFoundation: 216162199b28c13a410421893ffa2e32 -> 
  custom:CustomObjectIndexerAttribute: 4d1d7186bcbbfe361de5f0ad951e585c -> 
  custom:container-demuxer-webm: 4f35f7cbe854078d1ac9338744f61a02 -> 
  custom:container-muxer-webm: aa71ff27fc2769a1b78a27578f13a17b -> 
  custom:video-decoder-webm-vp8: 9c59270c3fd7afecdb556c50c9e8de78 -> 
  custom:SearchIndexIgnoredProperties: e643bd26f0fe6173181afceb89e7c659 -> 
  custom:AudioImporter_EditorPlatform: d09bf68614088b80899f8185d706f6e7 -> 
  custom:video-encoder-webm-vp8: eb34c28f22e8b96e1ab97ce403110664 -> 
  custom:audio-decoder-ogg-vorbis: bf7c407c2cedff20999df2af8eb42d56 -> 
  custom:audio-encoder-webm-vorbis: bf7c407c2cedff20999df2af8eb42d56 -> 
========================================================================
Received Import Request.
  Time since last request: 310.840239 seconds.
  path: Assets/TutorialInfo
  artifactKey: Guid(ba062aa6c92b140379dbc06b43dd3b9b) Importer(815301076,1909f56bfc062723c751e8b465ee728b)
Start importing Assets/TutorialInfo using Guid(ba062aa6c92b140379dbc06b43dd3b9b) Importer(815301076,1909f56bfc062723c751e8b465ee728b)  -> (artifact id: 'c6fad8187a9660f5dc61c251b99f2f4e') in 0.024178 seconds
Number of updated asset objects reloaded before import = 0
Number of asset objects unloaded after import = 0
========================================================================
Received Prepare
Begin MonoManager ReloadAssembly
- Loaded All Assemblies, in  0.823 seconds
Refreshing native plugins compatible for Editor in 4.39 ms, found 3 plugins.
Native extension for WindowsStandalone target not found
[Package Manager] Server::EnsureServerProcessIsRunning -- launch failed, reason: Unity was launched with the -noUpm command-line argument
[Package Manager] UpmClient::Send -- Unable to send message (not connected to UPM process).
[Package Manager] Cannot connect to Unity Package Manager local server
Mono: successfully reloaded assembly
- Finished resetting the current domain, in  1.426 seconds
Domain Reload Profiling: 2241ms
	BeginReloadAssembly (371ms)
		ExecutionOrderSort (0ms)
		DisableScriptedObjects (21ms)
		BackupInstance (0ms)
		ReleaseScriptingObjects (0ms)
		CreateAndSetChildDomain (97ms)
	RebuildCommonClasses (62ms)
	RebuildNativeTypeToScriptingClass (25ms)
	initialDomainReloadingComplete (55ms)
	LoadAllAssembliesAndSetupDomain (302ms)
		LoadAssemblies (404ms)
		RebuildTransferFunctionScriptingTraits (0ms)
		AnalyzeDomain (50ms)
			TypeCache.Refresh (11ms)
				TypeCache.ScanAssembly (1ms)
			ScanForSourceGeneratedMonoScriptInfo (25ms)
			ResolveRequiredComponents (12ms)
	FinalizeReload (1427ms)
		ReleaseScriptCaches (0ms)
		RebuildScriptCaches (0ms)
		SetupLoadedEditorAssemblies (579ms)
			LogAssemblyErrors (0ms)
			InitializePlatformSupportModulesInManaged (6ms)
			SetLoadedEditorAssemblies (5ms)
			RefreshPlugins (0ms)
			BeforeProcessingInitializeOnLoad (94ms)
			ProcessInitializeOnLoadAttributes (390ms)
			ProcessInitializeOnLoadMethodAttributes (77ms)
			AfterProcessingInitializeOnLoad (7ms)
			EditorAssembliesLoaded (0ms)
		ExecutionOrderSort2 (0ms)
		AwakeInstancesAfterBackupRestoration (21ms)
Refreshing native plugins compatible for Editor in 4.95 ms, found 3 plugins.
Preloading 0 native plugins for Editor in 0.00 ms.
Unloading 4955 Unused Serialized files (Serialized files now loaded: 0)
Unloading 55 unused Assets / (2.6 MB). Loaded Objects now: 5634.
Memory consumption went from 194.5 MB to 191.9 MB.
Total: 5.663500 ms (FindLiveObjects: 0.487300 ms CreateObjectMapping: 0.537700 ms MarkObjects: 3.210800 ms  DeleteObjects: 1.426300 ms)

Prepare: number of updated asset objects reloaded= 0
AssetImportParameters requested are different than current active one (requested -> active):
  custom:container-demuxer-ogg: 62fdf1f143b41e24485cea50d1cbac27 -> 
  custom:video-codec-MediaFoundation-h265: 746d11721c4dcdbdad8f713fa42b33f4 -> 
  custom:video-decoder-ogg-theora: a1e56fd34408186e4bbccfd4996cb3dc -> 
  custom:framework-win-MediaFoundation: 216162199b28c13a410421893ffa2e32 -> 
  custom:CustomObjectIndexerAttribute: 4d1d7186bcbbfe361de5f0ad951e585c -> 
  custom:container-demuxer-webm: 4f35f7cbe854078d1ac9338744f61a02 -> 
  custom:container-muxer-webm: aa71ff27fc2769a1b78a27578f13a17b -> 
  custom:video-decoder-webm-vp8: 9c59270c3fd7afecdb556c50c9e8de78 -> 
  custom:SearchIndexIgnoredProperties: e643bd26f0fe6173181afceb89e7c659 -> 
  custom:AudioImporter_EditorPlatform: d09bf68614088b80899f8185d706f6e7 -> 
  custom:video-encoder-webm-vp8: eb34c28f22e8b96e1ab97ce403110664 -> 
  custom:audio-decoder-ogg-vorbis: bf7c407c2cedff20999df2af8eb42d56 -> 
  custom:audio-encoder-webm-vorbis: bf7c407c2cedff20999df2af8eb42d56 -> 
========================================================================
Received Import Request.
  Time since last request: 103.219056 seconds.
  path: Assets/Fabgrid
  artifactKey: Guid(f705b48fa1076d14fbce5e40e21545a5) Importer(815301076,1909f56bfc062723c751e8b465ee728b)
Start importing Assets/Fabgrid using Guid(f705b48fa1076d14fbce5e40e21545a5) Importer(815301076,1909f56bfc062723c751e8b465ee728b)  -> (artifact id: '10c20cd8b108c7371ef583ae5c5cf72a') in 0.006148 seconds
Number of updated asset objects reloaded before import = 0
Number of asset objects unloaded after import = 0
========================================================================
Received Import Request.
  Time since last request: 1.951956 seconds.
  path: Assets/Fabgrid/Prefabs
  artifactKey: Guid(ca68fa8b783ca8649b273bc0690c8b00) Importer(815301076,1909f56bfc062723c751e8b465ee728b)
Start importing Assets/Fabgrid/Prefabs using Guid(ca68fa8b783ca8649b273bc0690c8b00) Importer(815301076,1909f56bfc062723c751e8b465ee728b)  -> (artifact id: '2192327db2d6de39465884808f1be463') in 0.001141 seconds
Number of updated asset objects reloaded before import = 0
Number of asset objects unloaded after import = 0
========================================================================
Received Import Request.
  Time since last request: 0.003195 seconds.
  path: Assets/Fabgrid/Prefabs/Sphere.prefab
  artifactKey: Guid(888a4b6c25fd97c448ccc3d9e6d1942e) Importer(815301076,1909f56bfc062723c751e8b465ee728b)
Start importing Assets/Fabgrid/Prefabs/Sphere.prefab using Guid(888a4b6c25fd97c448ccc3d9e6d1942e) Importer(815301076,1909f56bfc062723c751e8b465ee728b)  -> (artifact id: 'cbbfeab6fb1dcde7a98567312febe468') in 0.346784 seconds
Number of updated asset objects reloaded before import = 0
Number of asset objects unloaded after import = 27
========================================================================
Received Import Request.
  Time since last request: 6.686109 seconds.
  path: Assets/Fabgrid/Demo
  artifactKey: Guid(6dccef43f53bf254c84b9a0e8fd99fed) Importer(815301076,1909f56bfc062723c751e8b465ee728b)
Start importing Assets/Fabgrid/Demo using Guid(6dccef43f53bf254c84b9a0e8fd99fed) Importer(815301076,1909f56bfc062723c751e8b465ee728b)  -> (artifact id: '9230ac9aca42393d95ca800cd91c54d5') in 0.000545 seconds
Number of updated asset objects reloaded before import = 0
Number of asset objects unloaded after import = 0
========================================================================
Received Import Request.
  Time since last request: 1.018898 seconds.
  path: Assets/Fabgrid/Scripts
  artifactKey: Guid(a6087f7dc3a874c429acdcdb5ac0f584) Importer(815301076,1909f56bfc062723c751e8b465ee728b)
Start importing Assets/Fabgrid/Scripts using Guid(a6087f7dc3a874c429acdcdb5ac0f584) Importer(815301076,1909f56bfc062723c751e8b465ee728b)  -> (artifact id: '12ca71de31d211d950e6c7d4ae5eb2f3') in 0.001734 seconds
Number of updated asset objects reloaded before import = 0
Number of asset objects unloaded after import = 0
========================================================================
Received Import Request.
  Time since last request: 2.736737 seconds.
  path: Assets/Fabgrid/Scripts/Tilemap3D.cs
  artifactKey: Guid(9a6ecf9861c932d4aaaaa7d01dfd9470) Importer(815301076,1909f56bfc062723c751e8b465ee728b)
Start importing Assets/Fabgrid/Scripts/Tilemap3D.cs using Guid(9a6ecf9861c932d4aaaaa7d01dfd9470) Importer(815301076,1909f56bfc062723c751e8b465ee728b)  -> (artifact id: '69792a4b904357d7095fccb4f8052f4d') in 0.000641 seconds
Number of updated asset objects reloaded before import = 0
Number of asset objects unloaded after import = 0
========================================================================
Received Import Request.
  Time since last request: 209.331603 seconds.
  path: Assets/Tiles/Dirt.prefab
  artifactKey: Guid(ba7a6cc02c649f746a4b2fdaadb9cdca) Importer(815301076,1909f56bfc062723c751e8b465ee728b)
Start importing Assets/Tiles/Dirt.prefab using Guid(ba7a6cc02c649f746a4b2fdaadb9cdca) Importer(815301076,1909f56bfc062723c751e8b465ee728b)  -> (artifact id: 'c45dc1145c6d965a92fe7a87420ef70d') in 0.035259 seconds
Number of updated asset objects reloaded before import = 0
Number of asset objects unloaded after import = 66
========================================================================
Received Prepare
Begin MonoManager ReloadAssembly
- Loaded All Assemblies, in  0.781 seconds
Refreshing native plugins compatible for Editor in 5.82 ms, found 3 plugins.
Native extension for WindowsStandalone target not found
[Package Manager] Server::EnsureServerProcessIsRunning -- launch failed, reason: Unity was launched with the -noUpm command-line argument
[Package Manager] UpmClient::Send -- Unable to send message (not connected to UPM process).
[Package Manager] Cannot connect to Unity Package Manager local server
Mono: successfully reloaded assembly
- Finished resetting the current domain, in  1.773 seconds
Domain Reload Profiling: 2549ms
	BeginReloadAssembly (258ms)
		ExecutionOrderSort (0ms)
		DisableScriptedObjects (30ms)
		BackupInstance (0ms)
		ReleaseScriptingObjects (0ms)
		CreateAndSetChildDomain (55ms)
	RebuildCommonClasses (60ms)
	RebuildNativeTypeToScriptingClass (20ms)
	initialDomainReloadingComplete (62ms)
	LoadAllAssembliesAndSetupDomain (376ms)
		LoadAssemblies (427ms)
		RebuildTransferFunctionScriptingTraits (0ms)
		AnalyzeDomain (64ms)
			TypeCache.Refresh (14ms)
				TypeCache.ScanAssembly (0ms)
			ScanForSourceGeneratedMonoScriptInfo (32ms)
			ResolveRequiredComponents (17ms)
	FinalizeReload (1774ms)
		ReleaseScriptCaches (0ms)
		RebuildScriptCaches (0ms)
		SetupLoadedEditorAssemblies (614ms)
			LogAssemblyErrors (0ms)
			InitializePlatformSupportModulesInManaged (8ms)
			SetLoadedEditorAssemblies (5ms)
			RefreshPlugins (0ms)
			BeforeProcessingInitializeOnLoad (85ms)
			ProcessInitializeOnLoadAttributes (416ms)
			ProcessInitializeOnLoadMethodAttributes (92ms)
			AfterProcessingInitializeOnLoad (7ms)
			EditorAssembliesLoaded (0ms)
		ExecutionOrderSort2 (0ms)
		AwakeInstancesAfterBackupRestoration (23ms)
Refreshing native plugins compatible for Editor in 5.91 ms, found 3 plugins.
Preloading 0 native plugins for Editor in 0.00 ms.
Unloading 4887 Unused Serialized files (Serialized files now loaded: 0)
Unloading 111 unused Assets / (0.8 MB). Loaded Objects now: 5615.
Memory consumption went from 192.2 MB to 191.5 MB.
Total: 4.705900 ms (FindLiveObjects: 0.491000 ms CreateObjectMapping: 0.498200 ms MarkObjects: 3.261900 ms  DeleteObjects: 0.453400 ms)

Prepare: number of updated asset objects reloaded= 0
AssetImportParameters requested are different than current active one (requested -> active):
  custom:container-demuxer-ogg: 62fdf1f143b41e24485cea50d1cbac27 -> 
  custom:video-codec-MediaFoundation-h265: 746d11721c4dcdbdad8f713fa42b33f4 -> 
  custom:video-decoder-ogg-theora: a1e56fd34408186e4bbccfd4996cb3dc -> 
  custom:framework-win-MediaFoundation: 216162199b28c13a410421893ffa2e32 -> 
  custom:CustomObjectIndexerAttribute: 4d1d7186bcbbfe361de5f0ad951e585c -> 
  custom:container-demuxer-webm: 4f35f7cbe854078d1ac9338744f61a02 -> 
  custom:container-muxer-webm: aa71ff27fc2769a1b78a27578f13a17b -> 
  custom:video-decoder-webm-vp8: 9c59270c3fd7afecdb556c50c9e8de78 -> 
  custom:SearchIndexIgnoredProperties: e643bd26f0fe6173181afceb89e7c659 -> 
  custom:AudioImporter_EditorPlatform: d09bf68614088b80899f8185d706f6e7 -> 
  custom:video-encoder-webm-vp8: eb34c28f22e8b96e1ab97ce403110664 -> 
  custom:audio-decoder-ogg-vorbis: bf7c407c2cedff20999df2af8eb42d56 -> 
  custom:audio-encoder-webm-vorbis: bf7c407c2cedff20999df2af8eb42d56 -> 
========================================================================
Received Import Request.
  Time since last request: 443.570055 seconds.
  path: Assets/Tiles/Dirt.prefab
  artifactKey: Guid(ba7a6cc02c649f746a4b2fdaadb9cdca) Importer(815301076,1909f56bfc062723c751e8b465ee728b)
Start importing Assets/Tiles/Dirt.prefab using Guid(ba7a6cc02c649f746a4b2fdaadb9cdca) Importer(815301076,1909f56bfc062723c751e8b465ee728b)  -> (artifact id: '3850554ac26e58ed98b7233b8fb96721') in 0.364569 seconds
Number of updated asset objects reloaded before import = 0
Number of asset objects unloaded after import = 30
========================================================================
Received Import Request.
  Time since last request: 0.128038 seconds.
  path: Assets/Tiles/Dirt.prefab
  artifactKey: Guid(ba7a6cc02c649f746a4b2fdaadb9cdca) Importer(815301076,1909f56bfc062723c751e8b465ee728b)
Start importing Assets/Tiles/Dirt.prefab using Guid(ba7a6cc02c649f746a4b2fdaadb9cdca) Importer(815301076,1909f56bfc062723c751e8b465ee728b)  -> (artifact id: 'f2dd6808863ccec1bbd45f12e69eb5c3') in 0.014802 seconds
Number of updated asset objects reloaded before import = 0
Number of asset objects unloaded after import = 66
========================================================================
Received Import Request.
  Time since last request: 0.000023 seconds.
  path: Assets/Tiles/Grass Edge.prefab
  artifactKey: Guid(ae1545a082e154a4ca0b00d57ad9bd60) Importer(815301076,1909f56bfc062723c751e8b465ee728b)
Start importing Assets/Tiles/Grass Edge.prefab using Guid(ae1545a082e154a4ca0b00d57ad9bd60) Importer(815301076,1909f56bfc062723c751e8b465ee728b)  -> (artifact id: '9332e9ea7a88a39b9f7ac71a9d21379a') in 0.020372 seconds
Number of updated asset objects reloaded before import = 0
Number of asset objects unloaded after import = 66
========================================================================
Received Import Request.
  Time since last request: 0.000026 seconds.
  path: Assets/Tiles/Grass Slope.prefab
  artifactKey: Guid(ed36d67bf72afb7418fb5f4ca1c450c5) Importer(815301076,1909f56bfc062723c751e8b465ee728b)
Start importing Assets/Tiles/Grass Slope.prefab using Guid(ed36d67bf72afb7418fb5f4ca1c450c5) Importer(815301076,1909f56bfc062723c751e8b465ee728b)  -> (artifact id: '60417c8d4be6d92f5ed9cf93c83f6b4b') in 0.018351 seconds
Number of updated asset objects reloaded before import = 0
Number of asset objects unloaded after import = 66
========================================================================
Received Import Request.
  Time since last request: 0.000028 seconds.
  path: Assets/Tiles/Grass Corner.prefab
  artifactKey: Guid(d40641b22c62d0746a2e5849c6a8b9a7) Importer(815301076,1909f56bfc062723c751e8b465ee728b)
Start importing Assets/Tiles/Grass Corner.prefab using Guid(d40641b22c62d0746a2e5849c6a8b9a7) Importer(815301076,1909f56bfc062723c751e8b465ee728b)  -> (artifact id: 'b220250eb7feb7f8c0813a3eadeda033') in 0.012507 seconds
Number of updated asset objects reloaded before import = 0
Number of asset objects unloaded after import = 66
========================================================================
Received Import Request.
  Time since last request: 0.395781 seconds.
  path: Assets/Tiles/Dirt.prefab
  artifactKey: Guid(ba7a6cc02c649f746a4b2fdaadb9cdca) Importer(815301076,1909f56bfc062723c751e8b465ee728b)
Start importing Assets/Tiles/Dirt.prefab using Guid(ba7a6cc02c649f746a4b2fdaadb9cdca) Importer(815301076,1909f56bfc062723c751e8b465ee728b)  -> (artifact id: '288bb040be828b85bc1d19ad10213f2e') in 0.012714 seconds
Number of updated asset objects reloaded before import = 0
Number of asset objects unloaded after import = 66
========================================================================
Received Import Request.
  Time since last request: 0.000023 seconds.
  path: Assets/Tiles/Grass Edge.prefab
  artifactKey: Guid(ae1545a082e154a4ca0b00d57ad9bd60) Importer(815301076,1909f56bfc062723c751e8b465ee728b)
Start importing Assets/Tiles/Grass Edge.prefab using Guid(ae1545a082e154a4ca0b00d57ad9bd60) Importer(815301076,1909f56bfc062723c751e8b465ee728b)  -> (artifact id: '74fe92f64156cf9bcd273f1c0b5e1422') in 0.013705 seconds
Number of updated asset objects reloaded before import = 0
Number of asset objects unloaded after import = 66
========================================================================
Received Import Request.
  Time since last request: 0.000031 seconds.
  path: Assets/Tiles/Grass Slope.prefab
  artifactKey: Guid(ed36d67bf72afb7418fb5f4ca1c450c5) Importer(815301076,1909f56bfc062723c751e8b465ee728b)
Start importing Assets/Tiles/Grass Slope.prefab using Guid(ed36d67bf72afb7418fb5f4ca1c450c5) Importer(815301076,1909f56bfc062723c751e8b465ee728b)  -> (artifact id: 'f8dcf2abda427b1fbd6f9a3822953dda') in 0.012557 seconds
Number of updated asset objects reloaded before import = 0
Number of asset objects unloaded after import = 66
========================================================================
Received Import Request.
  Time since last request: 0.000021 seconds.
  path: Assets/Tiles/Grass Corner.prefab
  artifactKey: Guid(d40641b22c62d0746a2e5849c6a8b9a7) Importer(815301076,1909f56bfc062723c751e8b465ee728b)
Start importing Assets/Tiles/Grass Corner.prefab using Guid(d40641b22c62d0746a2e5849c6a8b9a7) Importer(815301076,1909f56bfc062723c751e8b465ee728b)  -> (artifact id: '948081d37effabcb9456ea3748b1b249') in 0.015240 seconds
Number of updated asset objects reloaded before import = 0
Number of asset objects unloaded after import = 66
========================================================================
Received Import Request.
  Time since last request: 16.729465 seconds.
  path: Assets/Tiles/Dirt Corner.prefab
  artifactKey: Guid(761ad62db7e13dd4eb4e359604e607aa) Importer(815301076,1909f56bfc062723c751e8b465ee728b)
Start importing Assets/Tiles/Dirt Corner.prefab using Guid(761ad62db7e13dd4eb4e359604e607aa) Importer(815301076,1909f56bfc062723c751e8b465ee728b)  -> (artifact id: '1fd88951e81580f26a66dc049c1ca7c5') in 0.023215 seconds
Number of updated asset objects reloaded before import = 0
Number of asset objects unloaded after import = 66
========================================================================
Received Import Request.
  Time since last request: 0.000022 seconds.
  path: Assets/Tiles/Grass Slope.prefab
  artifactKey: Guid(ed36d67bf72afb7418fb5f4ca1c450c5) Importer(815301076,1909f56bfc062723c751e8b465ee728b)
Start importing Assets/Tiles/Grass Slope.prefab using Guid(ed36d67bf72afb7418fb5f4ca1c450c5) Importer(815301076,1909f56bfc062723c751e8b465ee728b)  -> (artifact id: 'e73dfc9601b41dccb269f2d0037d3cbb') in 0.024825 seconds
Number of updated asset objects reloaded before import = 0
Number of asset objects unloaded after import = 66
========================================================================
Received Import Request.
  Time since last request: 13.241788 seconds.
  path: Assets/Tiles/Dirt.prefab
  artifactKey: Guid(ba7a6cc02c649f746a4b2fdaadb9cdca) Importer(815301076,1909f56bfc062723c751e8b465ee728b)
Start importing Assets/Tiles/Dirt.prefab using Guid(ba7a6cc02c649f746a4b2fdaadb9cdca) Importer(815301076,1909f56bfc062723c751e8b465ee728b)  -> (artifact id: '383c6612f18d3c6f251767690ec66b94') in 0.022608 seconds
Number of updated asset objects reloaded before import = 0
Number of asset objects unloaded after import = 66
========================================================================
Received Import Request.
  Time since last request: 2.175946 seconds.
  path: Assets/Tiles/Dirt.prefab
  artifactKey: Guid(ba7a6cc02c649f746a4b2fdaadb9cdca) Importer(815301076,1909f56bfc062723c751e8b465ee728b)
Start importing Assets/Tiles/Dirt.prefab using Guid(ba7a6cc02c649f746a4b2fdaadb9cdca) Importer(815301076,1909f56bfc062723c751e8b465ee728b)  -> (artifact id: '0e150c7e2f27ed99337d25b60fc4cc17') in 0.015656 seconds
Number of updated asset objects reloaded before import = 0
Number of asset objects unloaded after import = 66
========================================================================
Received Import Request.
  Time since last request: 10.688046 seconds.
  path: Assets/Tiles/Dirt Corner.prefab
  artifactKey: Guid(761ad62db7e13dd4eb4e359604e607aa) Importer(815301076,1909f56bfc062723c751e8b465ee728b)
Start importing Assets/Tiles/Dirt Corner.prefab using Guid(761ad62db7e13dd4eb4e359604e607aa) Importer(815301076,1909f56bfc062723c751e8b465ee728b)  -> (artifact id: 'e65c915ee9a8b9bcb1eddf520f746200') in 0.034710 seconds
Number of updated asset objects reloaded before import = 0
Number of asset objects unloaded after import = 66
========================================================================
Received Import Request.
  Time since last request: 7.732710 seconds.
  path: Assets/Tiles/Dirt Edge.prefab
  artifactKey: Guid(ad35a66513287754685c90064527a354) Importer(815301076,1909f56bfc062723c751e8b465ee728b)
Start importing Assets/Tiles/Dirt Edge.prefab using Guid(ad35a66513287754685c90064527a354) Importer(815301076,1909f56bfc062723c751e8b465ee728b)  -> (artifact id: '91e36eae323b6042654ed8099762a8c8') in 0.013009 seconds
Number of updated asset objects reloaded before import = 0
Number of asset objects unloaded after import = 66
========================================================================
Received Import Request.
  Time since last request: 10.132921 seconds.
  path: Assets/Tiles/Dirt Slope.prefab
  artifactKey: Guid(0b358a7b349150c468ff4a5b89b3808d) Importer(815301076,1909f56bfc062723c751e8b465ee728b)
Start importing Assets/Tiles/Dirt Slope.prefab using Guid(0b358a7b349150c468ff4a5b89b3808d) Importer(815301076,1909f56bfc062723c751e8b465ee728b)  -> (artifact id: '0a2c5da979220724d9b5d07511b34dbd') in 0.013736 seconds
Number of updated asset objects reloaded before import = 0
Number of asset objects unloaded after import = 66
========================================================================
Received Import Request.
  Time since last request: 3.695344 seconds.
  path: Assets/Tiles/Grass.prefab
  artifactKey: Guid(eac624a38ec40934483672f60fbe6b7d) Importer(815301076,1909f56bfc062723c751e8b465ee728b)
Start importing Assets/Tiles/Grass.prefab using Guid(eac624a38ec40934483672f60fbe6b7d) Importer(815301076,1909f56bfc062723c751e8b465ee728b)  -> (artifact id: '3e0110e3c6655f202f944416dd972a41') in 0.012428 seconds
Number of updated asset objects reloaded before import = 0
Number of asset objects unloaded after import = 66
========================================================================
Received Import Request.
  Time since last request: 3.505221 seconds.
  path: Assets/Tiles/Grass Corner.prefab
  artifactKey: Guid(d40641b22c62d0746a2e5849c6a8b9a7) Importer(815301076,1909f56bfc062723c751e8b465ee728b)
Start importing Assets/Tiles/Grass Corner.prefab using Guid(d40641b22c62d0746a2e5849c6a8b9a7) Importer(815301076,1909f56bfc062723c751e8b465ee728b)  -> (artifact id: '4ee269dfade4f526ffa13ecf5c57ca24') in 0.012597 seconds
Number of updated asset objects reloaded before import = 0
Number of asset objects unloaded after import = 66
========================================================================
Received Import Request.
  Time since last request: 3.728686 seconds.
  path: Assets/Tiles/Grass Corner.prefab
  artifactKey: Guid(d40641b22c62d0746a2e5849c6a8b9a7) Importer(815301076,1909f56bfc062723c751e8b465ee728b)
Start importing Assets/Tiles/Grass Corner.prefab using Guid(d40641b22c62d0746a2e5849c6a8b9a7) Importer(815301076,1909f56bfc062723c751e8b465ee728b)  -> (artifact id: '7382c0fe904884f73129a41ca58215d8') in 0.019951 seconds
Number of updated asset objects reloaded before import = 0
Number of asset objects unloaded after import = 66
========================================================================
Received Import Request.
  Time since last request: 4.884519 seconds.
  path: Assets/Tiles/Grass Edge.prefab
  artifactKey: Guid(ae1545a082e154a4ca0b00d57ad9bd60) Importer(815301076,1909f56bfc062723c751e8b465ee728b)
Start importing Assets/Tiles/Grass Edge.prefab using Guid(ae1545a082e154a4ca0b00d57ad9bd60) Importer(815301076,1909f56bfc062723c751e8b465ee728b)  -> (artifact id: 'e15a79efa66e1f670fc942233eaa0f2b') in 0.019246 seconds
Number of updated asset objects reloaded before import = 0
Number of asset objects unloaded after import = 66
========================================================================
Received Import Request.
  Time since last request: 4.375277 seconds.
  path: Assets/Tiles/Grass Slope.prefab
  artifactKey: Guid(ed36d67bf72afb7418fb5f4ca1c450c5) Importer(815301076,1909f56bfc062723c751e8b465ee728b)
Start importing Assets/Tiles/Grass Slope.prefab using Guid(ed36d67bf72afb7418fb5f4ca1c450c5) Importer(815301076,1909f56bfc062723c751e8b465ee728b)  -> (artifact id: '34c8c42c3eed7aec2673b9d550749e98') in 0.015699 seconds
Number of updated asset objects reloaded before import = 0
Number of asset objects unloaded after import = 66
========================================================================
Received Import Request.
  Time since last request: 2.380743 seconds.
  path: Assets/Tiles/Water.prefab
  artifactKey: Guid(33d4cc7bdb4df7f45bf84da3cc1cb185) Importer(815301076,1909f56bfc062723c751e8b465ee728b)
Start importing Assets/Tiles/Water.prefab using Guid(33d4cc7bdb4df7f45bf84da3cc1cb185) Importer(815301076,1909f56bfc062723c751e8b465ee728b)  -> (artifact id: '60bdb229601377f04561c8a715779075') in 0.018751 seconds
Number of updated asset objects reloaded before import = 0
Number of asset objects unloaded after import = 66
========================================================================
Received Import Request.
  Time since last request: 291.641156 seconds.
  path: Assets/Tiles/Dirt.prefab
  artifactKey: Guid(ba7a6cc02c649f746a4b2fdaadb9cdca) Importer(815301076,1909f56bfc062723c751e8b465ee728b)
Start importing Assets/Tiles/Dirt.prefab using Guid(ba7a6cc02c649f746a4b2fdaadb9cdca) Importer(815301076,1909f56bfc062723c751e8b465ee728b)  -> (artifact id: '4e3efc908dbf25078415e6199e2cfb59') in 0.020558 seconds
Number of updated asset objects reloaded before import = 0
Number of asset objects unloaded after import = 66
========================================================================
Received Import Request.
  Time since last request: 0.000029 seconds.
  path: Assets/Tiles/Grass Edge.prefab
  artifactKey: Guid(ae1545a082e154a4ca0b00d57ad9bd60) Importer(815301076,1909f56bfc062723c751e8b465ee728b)
Start importing Assets/Tiles/Grass Edge.prefab using Guid(ae1545a082e154a4ca0b00d57ad9bd60) Importer(815301076,1909f56bfc062723c751e8b465ee728b)  -> (artifact id: '6f760656c774b79074e7ccaba997fa9f') in 0.014331 seconds
Number of updated asset objects reloaded before import = 0
Number of asset objects unloaded after import = 66
========================================================================
Received Import Request.
  Time since last request: 0.000033 seconds.
  path: Assets/Tiles/Dirt Slope.prefab
  artifactKey: Guid(0b358a7b349150c468ff4a5b89b3808d) Importer(815301076,1909f56bfc062723c751e8b465ee728b)
Start importing Assets/Tiles/Dirt Slope.prefab using Guid(0b358a7b349150c468ff4a5b89b3808d) Importer(815301076,1909f56bfc062723c751e8b465ee728b)  -> (artifact id: '95eed4dae7f265f76618980161bf1147') in 0.020214 seconds
Number of updated asset objects reloaded before import = 0
Number of asset objects unloaded after import = 66
========================================================================
Received Import Request.
  Time since last request: 0.000020 seconds.
  path: Assets/Tiles/Grass.prefab
  artifactKey: Guid(eac624a38ec40934483672f60fbe6b7d) Importer(815301076,1909f56bfc062723c751e8b465ee728b)
Start importing Assets/Tiles/Grass.prefab using Guid(eac624a38ec40934483672f60fbe6b7d) Importer(815301076,1909f56bfc062723c751e8b465ee728b)  -> (artifact id: '0317c8d8a42c3429edf7638a18b0011d') in 0.014349 seconds
Number of updated asset objects reloaded before import = 0
Number of asset objects unloaded after import = 66
========================================================================
Received Import Request.
  Time since last request: 0.000022 seconds.
  path: Assets/Tiles/Water.prefab
  artifactKey: Guid(33d4cc7bdb4df7f45bf84da3cc1cb185) Importer(815301076,1909f56bfc062723c751e8b465ee728b)
Start importing Assets/Tiles/Water.prefab using Guid(33d4cc7bdb4df7f45bf84da3cc1cb185) Importer(815301076,1909f56bfc062723c751e8b465ee728b)  -> (artifact id: '3e1e6269e987b9b885ef9eb5413e24e9') in 0.019937 seconds
Number of updated asset objects reloaded before import = 0
Number of asset objects unloaded after import = 66
========================================================================
Received Import Request.
  Time since last request: 0.720890 seconds.
  path: Assets/Tiles/Dirt.prefab
  artifactKey: Guid(ba7a6cc02c649f746a4b2fdaadb9cdca) Importer(815301076,1909f56bfc062723c751e8b465ee728b)
Start importing Assets/Tiles/Dirt.prefab using Guid(ba7a6cc02c649f746a4b2fdaadb9cdca) Importer(815301076,1909f56bfc062723c751e8b465ee728b)  -> (artifact id: '66a20db5652917718107b9ef0927566a') in 0.012055 seconds
Number of updated asset objects reloaded before import = 0
Number of asset objects unloaded after import = 66
========================================================================
Received Import Request.
  Time since last request: 0.000025 seconds.
  path: Assets/Tiles/Grass Edge.prefab
  artifactKey: Guid(ae1545a082e154a4ca0b00d57ad9bd60) Importer(815301076,1909f56bfc062723c751e8b465ee728b)
Start importing Assets/Tiles/Grass Edge.prefab using Guid(ae1545a082e154a4ca0b00d57ad9bd60) Importer(815301076,1909f56bfc062723c751e8b465ee728b)  -> (artifact id: '386025bff5b3c4a4697607985d6f6832') in 0.015385 seconds
Number of updated asset objects reloaded before import = 0
Number of asset objects unloaded after import = 66
========================================================================
Received Import Request.
  Time since last request: 0.000032 seconds.
  path: Assets/Tiles/Dirt Slope.prefab
  artifactKey: Guid(0b358a7b349150c468ff4a5b89b3808d) Importer(815301076,1909f56bfc062723c751e8b465ee728b)
Start importing Assets/Tiles/Dirt Slope.prefab using Guid(0b358a7b349150c468ff4a5b89b3808d) Importer(815301076,1909f56bfc062723c751e8b465ee728b)  -> (artifact id: 'da1fc317bb211c3ebe410456af1e86e3') in 0.018380 seconds
Number of updated asset objects reloaded before import = 0
Number of asset objects unloaded after import = 66
========================================================================
Received Import Request.
  Time since last request: 0.000024 seconds.
  path: Assets/Tiles/Grass Corner.prefab
  artifactKey: Guid(d40641b22c62d0746a2e5849c6a8b9a7) Importer(815301076,1909f56bfc062723c751e8b465ee728b)
Start importing Assets/Tiles/Grass Corner.prefab using Guid(d40641b22c62d0746a2e5849c6a8b9a7) Importer(815301076,1909f56bfc062723c751e8b465ee728b)  -> (artifact id: 'cab4e9cc133b389fbfdcd3374ecd843e') in 0.013933 seconds
Number of updated asset objects reloaded before import = 0
Number of asset objects unloaded after import = 66
========================================================================
Received Import Request.
  Time since last request: 0.615487 seconds.
  path: Assets/Tiles/Dirt.prefab
  artifactKey: Guid(ba7a6cc02c649f746a4b2fdaadb9cdca) Importer(815301076,1909f56bfc062723c751e8b465ee728b)
Start importing Assets/Tiles/Dirt.prefab using Guid(ba7a6cc02c649f746a4b2fdaadb9cdca) Importer(815301076,1909f56bfc062723c751e8b465ee728b)  -> (artifact id: '8868cb219533ba080678969ca1689f87') in 0.011481 seconds
Number of updated asset objects reloaded before import = 0
Number of asset objects unloaded after import = 66
========================================================================
Received Import Request.
  Time since last request: 0.000022 seconds.
  path: Assets/Tiles/Grass Edge.prefab
  artifactKey: Guid(ae1545a082e154a4ca0b00d57ad9bd60) Importer(815301076,1909f56bfc062723c751e8b465ee728b)
Start importing Assets/Tiles/Grass Edge.prefab using Guid(ae1545a082e154a4ca0b00d57ad9bd60) Importer(815301076,1909f56bfc062723c751e8b465ee728b)  -> (artifact id: '968578f96821320d764f684d72526b69') in 0.015056 seconds
Number of updated asset objects reloaded before import = 0
Number of asset objects unloaded after import = 66
========================================================================
Received Import Request.
  Time since last request: 0.000024 seconds.
  path: Assets/Tiles/Dirt Slope.prefab
  artifactKey: Guid(0b358a7b349150c468ff4a5b89b3808d) Importer(815301076,1909f56bfc062723c751e8b465ee728b)
Start importing Assets/Tiles/Dirt Slope.prefab using Guid(0b358a7b349150c468ff4a5b89b3808d) Importer(815301076,1909f56bfc062723c751e8b465ee728b)  -> (artifact id: 'b787bb1e6a7bebe8c803b89259a44cca') in 0.011138 seconds
Number of updated asset objects reloaded before import = 0
Number of asset objects unloaded after import = 66
========================================================================
Received Import Request.
  Time since last request: 0.000028 seconds.
  path: Assets/Tiles/Grass.prefab
  artifactKey: Guid(eac624a38ec40934483672f60fbe6b7d) Importer(815301076,1909f56bfc062723c751e8b465ee728b)
Start importing Assets/Tiles/Grass.prefab using Guid(eac624a38ec40934483672f60fbe6b7d) Importer(815301076,1909f56bfc062723c751e8b465ee728b)  -> (artifact id: '50523a087e211f38f7c4fc1d0607bea4') in 0.011732 seconds
Number of updated asset objects reloaded before import = 0
Number of asset objects unloaded after import = 66
========================================================================
Received Import Request.
  Time since last request: 0.000988 seconds.
  path: Assets/Tiles/Water.prefab
  artifactKey: Guid(33d4cc7bdb4df7f45bf84da3cc1cb185) Importer(815301076,1909f56bfc062723c751e8b465ee728b)
Start importing Assets/Tiles/Water.prefab using Guid(33d4cc7bdb4df7f45bf84da3cc1cb185) Importer(815301076,1909f56bfc062723c751e8b465ee728b)  -> (artifact id: '3126348608763a990493eb9fe64e9977') in 0.017980 seconds
Number of updated asset objects reloaded before import = 0
Number of asset objects unloaded after import = 66
